<?xml version="1.0" encoding="UTF-8"?>
<robot generator="Robot 3.1.2 (Python 3.7.4 on win32)" generated="20200206 21:42:30.284" rpa="false">
<suite id="s1" name="TC 03" source="F:\Study\RobotFramework\RobotFrameworkPilot\TestAsset\Scripts\TC_03.robot">
<test id="s1-t1" name="SeleniumCheck">
<kw name="Amazon" library="Main">
<kw name="Open Browser" library="SeleniumLibrary">
<doc>Opens a new browser instance to the given ``url``.</doc>
<arguments>
<arg>${amazon.url}</arg>
<arg>gc</arg>
</arguments>
<msg timestamp="20200206 21:42:31.440" level="INFO">Opening browser 'gc' to base url 'https://www.amazon.in/'.</msg>
<status status="PASS" starttime="20200206 21:42:31.440" endtime="20200206 21:42:41.929"></status>
</kw>
<kw name="Take Screenshot" library="Screenshot">
<doc>Takes a screenshot in JPEG format and embeds it into the log file.</doc>
<arguments>
<arg>Browser_1.jpg</arg>
</arguments>
<msg timestamp="20200206 21:42:42.034" level="INFO" html="yes">&lt;a href="Browser_1.jpg"&gt;&lt;img src="Browser_1.jpg" width="800px"&gt;&lt;/a&gt;</msg>
<status status="PASS" starttime="20200206 21:42:41.929" endtime="20200206 21:42:42.034"></status>
</kw>
<kw name="Sleep" library="BuiltIn">
<doc>Pauses the test executed for the given time.</doc>
<arguments>
<arg>4</arg>
</arguments>
<msg timestamp="20200206 21:42:46.035" level="INFO">Slept 4 seconds</msg>
<status status="PASS" starttime="20200206 21:42:42.035" endtime="20200206 21:42:46.036"></status>
</kw>
<kw name="Click Element" library="SeleniumLibrary">
<doc>Click the element identified by ``locator``.</doc>
<arguments>
<arg>'(//span[@class='nav-action-inner'])[1]'</arg>
</arguments>
<msg timestamp="20200206 21:42:46.037" level="INFO">Clicking element ''(//span[@class='nav-action-inner'])[1]''.</msg>
<kw name="Capture Page Screenshot" library="SeleniumLibrary">
<doc>Takes a screenshot of the current page and embeds it into a log file.</doc>
<msg timestamp="20200206 21:42:46.591" level="INFO" html="yes">&lt;/td&gt;&lt;/tr&gt;&lt;tr&gt;&lt;td colspan="3"&gt;&lt;a href="selenium-screenshot-1.png"&gt;&lt;img src="selenium-screenshot-1.png" width="800px"&gt;&lt;/a&gt;</msg>
<status status="PASS" starttime="20200206 21:42:46.041" endtime="20200206 21:42:46.591"></status>
</kw>
<msg timestamp="20200206 21:42:46.689" level="FAIL">WebDriverException: Message: unknown error: unknown sessionId
  (Session info: chrome=78.0.3904.108)
  (Driver info: chromedriver=2.36.540470 (e522d04694c7ebea4ba8821272dbef4f9b818c91),platform=Windows NT 6.3.9600 x86_64)
</msg>
<status status="FAIL" starttime="20200206 21:42:46.036" endtime="20200206 21:42:46.689"></status>
</kw>
<status status="FAIL" starttime="20200206 21:42:31.440" endtime="20200206 21:42:46.690"></status>
</kw>
<kw name="Close Window" library="SeleniumLibrary" type="teardown">
<doc>Closes currently opened and selected browser window/tab.</doc>
<status status="PASS" starttime="20200206 21:42:46.690" endtime="20200206 21:42:48.797"></status>
</kw>
<status status="FAIL" starttime="20200206 21:42:31.440" endtime="20200206 21:42:48.797" critical="yes">WebDriverException: Message: unknown error: unknown sessionId
  (Session info: chrome=78.0.3904.108)
  (Driver info: chromedriver=2.36.540470 (e522d04694c7ebea4ba8821272dbef4f9b818c91),platform=Windows NT 6.3.9600 x86_64)
</status>
</test>
<status status="FAIL" starttime="20200206 21:42:30.300" endtime="20200206 21:42:48.797"></status>
</suite>
<statistics>
<total>
<stat pass="0" fail="1">Critical Tests</stat>
<stat pass="0" fail="1">All Tests</stat>
</total>
<tag>
</tag>
<suite>
<stat pass="0" fail="1" id="s1" name="TC 03">TC 03</stat>
</suite>
</statistics>
<errors>
</errors>
</robot>
